<?xml version="1.0" encoding="UTF-8"?>
<testng-results ignored="0" total="3" passed="2" failed="1" skipped="0">
  <reporter-output>
  </reporter-output>
  <suite started-at="2025-02-28T15:34:14 IST" name="Default suite" finished-at="2025-02-28T15:35:27 IST" duration-ms="72804">
    <groups>
    </groups>
    <test started-at="2025-02-28T15:34:14 IST" name="Default test" finished-at="2025-02-28T15:35:27 IST" duration-ms="72804">
      <class name="com.pdea.PlaywrightAutomation.PlaywriteAutomation">
        <test-method is-config="true" signature="setup()[pri:0, instance:com.pdea.PlaywrightAutomation.PlaywriteAutomation@4f6ee6e4]" started-at="2025-02-28T15:34:14 IST" name="setup" finished-at="2025-02-28T15:34:50 IST" duration-ms="36431" status="PASS">
          <reporter-output>
          </reporter-output>
        </test-method> <!-- setup -->
        <test-method signature="test_scenario1()[pri:1, instance:com.pdea.PlaywrightAutomation.PlaywriteAutomation@4f6ee6e4]" started-at="2025-02-28T15:34:50 IST" name="test_scenario1" finished-at="2025-02-28T15:34:53 IST" duration-ms="2785" status="PASS">
          <reporter-output>
          </reporter-output>
        </test-method> <!-- test_scenario1 -->
        <test-method is-config="true" signature="quitDriver()[pri:0, instance:com.pdea.PlaywrightAutomation.PlaywriteAutomation@4f6ee6e4]" started-at="2025-02-28T15:34:53 IST" name="quitDriver" finished-at="2025-02-28T15:34:53 IST" duration-ms="65" status="PASS">
          <reporter-output>
          </reporter-output>
        </test-method> <!-- quitDriver -->
        <test-method is-config="true" signature="setup()[pri:0, instance:com.pdea.PlaywrightAutomation.PlaywriteAutomation@4f6ee6e4]" started-at="2025-02-28T15:34:53 IST" name="setup" finished-at="2025-02-28T15:35:03 IST" duration-ms="9834" status="PASS">
          <reporter-output>
          </reporter-output>
        </test-method> <!-- setup -->
        <test-method signature="test_scenario2()[pri:2, instance:com.pdea.PlaywrightAutomation.PlaywriteAutomation@4f6ee6e4]" started-at="2025-02-28T15:35:03 IST" name="test_scenario2" finished-at="2025-02-28T15:35:08 IST" duration-ms="5360" status="PASS">
          <reporter-output>
          </reporter-output>
        </test-method> <!-- test_scenario2 -->
        <test-method is-config="true" signature="quitDriver()[pri:0, instance:com.pdea.PlaywrightAutomation.PlaywriteAutomation@4f6ee6e4]" started-at="2025-02-28T15:35:08 IST" name="quitDriver" finished-at="2025-02-28T15:35:08 IST" duration-ms="78" status="PASS">
          <reporter-output>
          </reporter-output>
        </test-method> <!-- quitDriver -->
        <test-method is-config="true" signature="setup()[pri:0, instance:com.pdea.PlaywrightAutomation.PlaywriteAutomation@4f6ee6e4]" started-at="2025-02-28T15:35:08 IST" name="setup" finished-at="2025-02-28T15:35:19 IST" duration-ms="10364" status="PASS">
          <reporter-output>
          </reporter-output>
        </test-method> <!-- setup -->
        <test-method signature="test_scenario3()[pri:3, instance:com.pdea.PlaywrightAutomation.PlaywriteAutomation@4f6ee6e4]" started-at="2025-02-28T15:35:19 IST" name="test_scenario3" finished-at="2025-02-28T15:35:26 IST" duration-ms="7683" status="FAIL">
          <exception class="java.lang.AssertionError">
            <message>
              <![CDATA[The following asserts failed:
Error message not as expected expected [Please fill out this field.] but found [null]]]>
            </message>
            <full-stacktrace>
              <![CDATA[java.lang.AssertionError: The following asserts failed:
Error message not as expected expected [Please fill out this field.] but found [null]
at org.testng.asserts.SoftAssert.assertAll(SoftAssert.java:47)
at org.testng.asserts.SoftAssert.assertAll(SoftAssert.java:31)
at com.pdea.PlaywrightAutomation.PlaywriteAutomation.test_scenario3(PlaywriteAutomation.java:150)
at java.base/jdk.internal.reflect.DirectMethodHandleAccessor.invoke(DirectMethodHandleAccessor.java:103)
at java.base/java.lang.reflect.Method.invoke(Method.java:580)
at org.testng.internal.MethodInvocationHelper.invokeMethod(MethodInvocationHelper.java:133)
at org.testng.internal.TestInvoker.invokeMethod(TestInvoker.java:598)
at org.testng.internal.TestInvoker.invokeTestMethod(TestInvoker.java:173)
at org.testng.internal.MethodRunner.runInSequence(MethodRunner.java:46)
at org.testng.internal.TestInvoker$MethodInvocationAgent.invoke(TestInvoker.java:824)
at org.testng.internal.TestInvoker.invokeTestMethods(TestInvoker.java:146)
at org.testng.internal.TestMethodWorker.invokeTestMethods(TestMethodWorker.java:146)
at org.testng.internal.TestMethodWorker.run(TestMethodWorker.java:128)
at java.base/java.util.ArrayList.forEach(ArrayList.java:1597)
at org.testng.TestRunner.privateRun(TestRunner.java:794)
at org.testng.TestRunner.run(TestRunner.java:596)
at org.testng.SuiteRunner.runTest(SuiteRunner.java:377)
at org.testng.SuiteRunner.runSequentially(SuiteRunner.java:371)
at org.testng.SuiteRunner.privateRun(SuiteRunner.java:332)
at org.testng.SuiteRunner.run(SuiteRunner.java:276)
at org.testng.SuiteRunnerWorker.runSuite(SuiteRunnerWorker.java:53)
at org.testng.SuiteRunnerWorker.run(SuiteRunnerWorker.java:96)
at org.testng.TestNG.runSuitesSequentially(TestNG.java:1212)
at org.testng.TestNG.runSuitesLocally(TestNG.java:1134)
at org.testng.TestNG.runSuites(TestNG.java:1063)
at org.testng.TestNG.run(TestNG.java:1031)
at org.testng.remote.AbstractRemoteTestNG.run(AbstractRemoteTestNG.java:115)
at org.testng.remote.RemoteTestNG.initAndRun(RemoteTestNG.java:293)
at org.testng.remote.RemoteTestNG.main(RemoteTestNG.java:91)
]]>
            </full-stacktrace>
          </exception> <!-- java.lang.AssertionError -->
          <reporter-output>
          </reporter-output>
        </test-method> <!-- test_scenario3 -->
        <test-method is-config="true" signature="quitDriver()[pri:0, instance:com.pdea.PlaywrightAutomation.PlaywriteAutomation@4f6ee6e4]" started-at="2025-02-28T15:35:27 IST" name="quitDriver" finished-at="2025-02-28T15:35:27 IST" duration-ms="51" status="PASS">
          <reporter-output>
          </reporter-output>
        </test-method> <!-- quitDriver -->
      </class> <!-- com.pdea.PlaywrightAutomation.PlaywriteAutomation -->
    </test> <!-- Default test -->
  </suite> <!-- Default suite -->
</testng-results>
